<?xml version="1.0" encoding="UTF-8"?>
<!-- Generated by org.testng.reporters.JUnitReportReporter -->
<testsuite hostname="CBEN-G90MGS3-LX" failures="0" tests="2" name="SamplePack2.Test1" time="0.006" errors="0" timestamp="17 Oct 2023 00:55:01 GMT">
  <testcase classname="SamplePack2.Test1" name="m1Test" time="0.006"/>
  <testcase classname="SamplePack2.Test1" name="m2Test" time="0.000"/>
</testsuite> <!-- SamplePack2.Test1 -->
